<?xml version="1.0" encoding="UTF-8"?>
<!-- Generated by org.testng.reporters.JUnitReportReporter -->
<testsuite skipped="0" hostname="vnikolic" name="testcases.TC_001" tests="1" failures="0" timestamp="23 Jan 2019 12:10:23 GMT" time="10.188" errors="0">
  <testcase name="tc_001" time="10.188" classname="testcases.TC_001"/>
</testsuite> <!-- testcases.TC_001 -->
